<?xml version="1.0" encoding="UTF-8"?>
<!-- Generated by org.testng.reporters.JUnitReportReporter -->
<testsuite hostname="Giridhar" failures="0" tests="1" name="MYNew.RahulShettyFramework.ExtentReportsDemo" time="16.547" errors="0" timestamp="2025-01-30T22:49:43 IST" skipped="0">
  <testcase classname="MYNew.RahulShettyFramework.ExtentReportsDemo" name="intialDemo" time="16.547"/>
</testsuite> <!-- MYNew.RahulShettyFramework.ExtentReportsDemo -->
