<?xml version="1.0" encoding="UTF-8"?>
<!-- Generated by org.testng.reporters.JUnitReportReporter -->
<testsuite hostname="Giridhar" failures="0" tests="1" name="MYNew.RahulShettyFramework.StandAloneTest" time="7.410" errors="0" timestamp="2025-01-30T21:53:18 IST" skipped="0">
  <testcase classname="MYNew.RahulShettyFramework.StandAloneTest" name="loginToTheApplication" time="7.410"/>
</testsuite> <!-- MYNew.RahulShettyFramework.StandAloneTest -->
